<?xml version="1.0" encoding="UTF-8"?>
<!-- Generated by org.testng.reporters.JUnitXMLReporter -->
<testsuite hostname="DESKTOP-DVUHKKB" name="Default test" tests="3" failures="0" timestamp="29 Nov 2019 07:03:57 GMT" time="0.053" errors="0">
  <testcase name="CreateUser" time="0.008" classname="DemoActitime.DemoTestng"/>
  <testcase name="DeleteUser" time="0.002" classname="DemoActitime.DemoTestng"/>
  <testcase name="editUser" time="0.005" classname="DemoActitime.DemoTestng"/>
</testsuite> <!-- Default test -->
