<?xml version="1.0" encoding="UTF-8"?>
<testng-results skipped="0" failed="0" total="3" passed="3">
  <reporter-output>
  </reporter-output>
  <suite name="Default suite" duration-ms="53" started-at="2019-11-29T07:03:57Z" finished-at="2019-11-29T07:03:57Z">
    <groups>
    </groups>
    <test name="Default test" duration-ms="53" started-at="2019-11-29T07:03:57Z" finished-at="2019-11-29T07:03:57Z">
      <class name="DemoActitime.DemoTestng">
        <test-method status="PASS" signature="OpenBrowser()[pri:0, instance:DemoActitime.DemoTestng@6a2bcfcb]" name="OpenBrowser" is-config="true" duration-ms="10" started-at="2019-11-29T12:33:57Z" finished-at="2019-11-29T12:33:57Z">
          <reporter-output>
          </reporter-output>
        </test-method> <!-- OpenBrowser -->
        <test-method status="PASS" signature="LogIn()[pri:0, instance:DemoActitime.DemoTestng@6a2bcfcb]" name="LogIn" is-config="true" duration-ms="1" started-at="2019-11-29T12:33:57Z" finished-at="2019-11-29T12:33:57Z">
          <reporter-output>
          </reporter-output>
        </test-method> <!-- LogIn -->
        <test-method status="PASS" signature="CreateUser()[pri:0, instance:DemoActitime.DemoTestng@6a2bcfcb]" name="CreateUser" duration-ms="8" started-at="2019-11-29T12:33:57Z" finished-at="2019-11-29T12:33:57Z">
          <reporter-output>
          </reporter-output>
        </test-method> <!-- CreateUser -->
        <test-method status="PASS" signature="LogOut()[pri:0, instance:DemoActitime.DemoTestng@6a2bcfcb]" name="LogOut" is-config="true" duration-ms="1" started-at="2019-11-29T12:33:57Z" finished-at="2019-11-29T12:33:57Z">
          <reporter-output>
          </reporter-output>
        </test-method> <!-- LogOut -->
        <test-method status="PASS" signature="DeleteUser()[pri:0, instance:DemoActitime.DemoTestng@6a2bcfcb]" name="DeleteUser" duration-ms="2" started-at="2019-11-29T12:33:57Z" finished-at="2019-11-29T12:33:57Z">
          <reporter-output>
          </reporter-output>
        </test-method> <!-- DeleteUser -->
        <test-method status="PASS" signature="LogIn()[pri:0, instance:DemoActitime.DemoTestng@6a2bcfcb]" name="LogIn" is-config="true" duration-ms="0" started-at="2019-11-29T12:33:57Z" finished-at="2019-11-29T12:33:57Z">
          <reporter-output>
          </reporter-output>
        </test-method> <!-- LogIn -->
        <test-method status="PASS" signature="LogOut()[pri:0, instance:DemoActitime.DemoTestng@6a2bcfcb]" name="LogOut" is-config="true" duration-ms="0" started-at="2019-11-29T12:33:57Z" finished-at="2019-11-29T12:33:57Z">
          <reporter-output>
          </reporter-output>
        </test-method> <!-- LogOut -->
        <test-method status="PASS" signature="LogIn()[pri:0, instance:DemoActitime.DemoTestng@6a2bcfcb]" name="LogIn" is-config="true" duration-ms="1" started-at="2019-11-29T12:33:57Z" finished-at="2019-11-29T12:33:57Z">
          <reporter-output>
          </reporter-output>
        </test-method> <!-- LogIn -->
        <test-method status="PASS" signature="editUser()[pri:0, instance:DemoActitime.DemoTestng@6a2bcfcb]" name="editUser" duration-ms="5" started-at="2019-11-29T12:33:57Z" finished-at="2019-11-29T12:33:57Z">
          <reporter-output>
          </reporter-output>
        </test-method> <!-- editUser -->
        <test-method status="PASS" signature="LogOut()[pri:0, instance:DemoActitime.DemoTestng@6a2bcfcb]" name="LogOut" is-config="true" duration-ms="1" started-at="2019-11-29T12:33:57Z" finished-at="2019-11-29T12:33:57Z">
          <reporter-output>
          </reporter-output>
        </test-method> <!-- LogOut -->
        <test-method status="PASS" signature="CloseBrowser()[pri:0, instance:DemoActitime.DemoTestng@6a2bcfcb]" name="CloseBrowser" is-config="true" duration-ms="0" started-at="2019-11-29T12:33:57Z" finished-at="2019-11-29T12:33:57Z">
          <reporter-output>
          </reporter-output>
        </test-method> <!-- CloseBrowser -->
      </class> <!-- DemoActitime.DemoTestng -->
    </test> <!-- Default test -->
  </suite> <!-- Default suite -->
</testng-results>
